nohup: ignoring input
No support for colour on this terminal. Try bash/cygwin.
WARNING:discord.client:PyNaCl is not installed, voice will NOT be supported
[2025-08-22 02:54:03] [INFO    ] discord.client: logging in using static token
INFO:discord.client:logging in using static token
[2025-08-22 02:54:04] [INFO    ] discord.gateway: Shard ID None has connected to Gateway (Session ID: 32039e7d7afe95972c8470c3c15a92b7).
INFO:discord.gateway:Shard ID None has connected to Gateway (Session ID: 32039e7d7afe95972c8470c3c15a92b7).
INFO:__main__:Domain-Next#7897 has connected to Discord!
[2025-08-22 02:54:19] [ERROR   ] discord.ui.view: Ignoring exception in view <ServerSelectView timeout=300 children=1> for item <Select placeholder='Select your server' min_values=1 max_values=1 disabled=False id=None>
Traceback (most recent call last):
  File "/home/ubuntu/.local/lib/python3.13/site-packages/discord/ui/view.py", line 555, in _scheduled_task
    await item.callback(interaction)
          ~~~~~~~~~~~~~^^^^^^^^^^^^^
  File "/home/ubuntu/.local/lib/python3.13/site-packages/discord/ui/view.py", line 216, in __call__
    return self.callback(self.view, interaction, self.item)
           ~~~~~~~~~~~~~^^^^^^^^^^^^^^^^^^^^^^^^^^^^^^^^^^^
TypeError: ServerSelectView.select_callback() takes 2 positional arguments but 3 were given
ERROR:discord.ui.view:Ignoring exception in view <ServerSelectView timeout=300 children=1> for item <Select placeholder='Select your server' min_values=1 max_values=1 disabled=False id=None>
Traceback (most recent call last):
  File "/home/ubuntu/.local/lib/python3.13/site-packages/discord/ui/view.py", line 555, in _scheduled_task
    await item.callback(interaction)
          ~~~~~~~~~~~~~^^^^^^^^^^^^^
  File "/home/ubuntu/.local/lib/python3.13/site-packages/discord/ui/view.py", line 216, in __call__
    return self.callback(self.view, interaction, self.item)
           ~~~~~~~~~~~~~^^^^^^^^^^^^^^^^^^^^^^^^^^^^^^^^^^^
TypeError: ServerSelectView.select_callback() takes 2 positional arguments but 3 were given
[2025-08-22 02:54:25] [ERROR   ] discord.ui.view: Ignoring exception in view <ServerSelectView timeout=300 children=1> for item <Select placeholder='Select your server' min_values=1 max_values=1 disabled=False id=None>
Traceback (most recent call last):
  File "/home/ubuntu/.local/lib/python3.13/site-packages/discord/ui/view.py", line 555, in _scheduled_task
    await item.callback(interaction)
          ~~~~~~~~~~~~~^^^^^^^^^^^^^
  File "/home/ubuntu/.local/lib/python3.13/site-packages/discord/ui/view.py", line 216, in __call__
    return self.callback(self.view, interaction, self.item)
           ~~~~~~~~~~~~~^^^^^^^^^^^^^^^^^^^^^^^^^^^^^^^^^^^
TypeError: ServerSelectView.select_callback() takes 2 positional arguments but 3 were given
ERROR:discord.ui.view:Ignoring exception in view <ServerSelectView timeout=300 children=1> for item <Select placeholder='Select your server' min_values=1 max_values=1 disabled=False id=None>
Traceback (most recent call last):
  File "/home/ubuntu/.local/lib/python3.13/site-packages/discord/ui/view.py", line 555, in _scheduled_task
    await item.callback(interaction)
          ~~~~~~~~~~~~~^^^^^^^^^^^^^
  File "/home/ubuntu/.local/lib/python3.13/site-packages/discord/ui/view.py", line 216, in __call__
    return self.callback(self.view, interaction, self.item)
           ~~~~~~~~~~~~~^^^^^^^^^^^^^^^^^^^^^^^^^^^^^^^^^^^
TypeError: ServerSelectView.select_callback() takes 2 positional arguments but 3 were given
[2025-08-22 02:54:33] [ERROR   ] discord.ui.view: Ignoring exception in view <ServerSelectView timeout=300 children=1> for item <Select placeholder='Select your server' min_values=1 max_values=1 disabled=False id=None>
Traceback (most recent call last):
  File "/home/ubuntu/.local/lib/python3.13/site-packages/discord/ui/view.py", line 555, in _scheduled_task
    await item.callback(interaction)
          ~~~~~~~~~~~~~^^^^^^^^^^^^^
  File "/home/ubuntu/.local/lib/python3.13/site-packages/discord/ui/view.py", line 216, in __call__
    return self.callback(self.view, interaction, self.item)
           ~~~~~~~~~~~~~^^^^^^^^^^^^^^^^^^^^^^^^^^^^^^^^^^^
TypeError: ServerSelectView.select_callback() takes 2 positional arguments but 3 were given
ERROR:discord.ui.view:Ignoring exception in view <ServerSelectView timeout=300 children=1> for item <Select placeholder='Select your server' min_values=1 max_values=1 disabled=False id=None>
Traceback (most recent call last):
  File "/home/ubuntu/.local/lib/python3.13/site-packages/discord/ui/view.py", line 555, in _scheduled_task
    await item.callback(interaction)
          ~~~~~~~~~~~~~^^^^^^^^^^^^^
  File "/home/ubuntu/.local/lib/python3.13/site-packages/discord/ui/view.py", line 216, in __call__
    return self.callback(self.view, interaction, self.item)
           ~~~~~~~~~~~~~^^^^^^^^^^^^^^^^^^^^^^^^^^^^^^^^^^^
TypeError: ServerSelectView.select_callback() takes 2 positional arguments but 3 were given
